<?xml version="1.0" encoding="UTF-8"?>
<testng-results skipped="0" failed="0" ignored="0" total="2" passed="2">
  <reporter-output>
  </reporter-output>
  <suite name="Apollo" duration-ms="32055" started-at="2023-02-05T17:01:13 GET" finished-at="2023-02-05T17:01:45 GET">
    <groups>
    </groups>
    <test name="Apollo Tests" duration-ms="32055" started-at="2023-02-05T17:01:13 GET" finished-at="2023-02-05T17:01:45 GET">
      <class name="test.ManageCollectionTests">
        <test-method status="PASS" signature="startTest()[pri:0, instance:test.ManageCollectionTests@5a8f2c4d]" name="startTest" is-config="true" duration-ms="11167" started-at="2023-02-05T17:01:13 GET" finished-at="2023-02-05T17:01:25 GET">
          <reporter-output>
          </reporter-output>
        </test-method> <!-- startTest -->
        <test-method status="PASS" signature="addBookToCollectionTest()[pri:0, instance:test.ManageCollectionTests@5a8f2c4d]" name="addBookToCollectionTest" duration-ms="6022" started-at="2023-02-05T17:01:25 GET" finished-at="2023-02-05T17:01:31 GET">
          <reporter-output>
          </reporter-output>
        </test-method> <!-- addBookToCollectionTest -->
        <test-method status="PASS" signature="tearDown()[pri:0, instance:test.ManageCollectionTests@5a8f2c4d]" name="tearDown" is-config="true" duration-ms="903" started-at="2023-02-05T17:01:31 GET" finished-at="2023-02-05T17:01:32 GET">
          <reporter-output>
          </reporter-output>
        </test-method> <!-- tearDown -->
        <test-method status="PASS" signature="startTest()[pri:0, instance:test.ManageCollectionTests@5a8f2c4d]" name="startTest" is-config="true" duration-ms="6389" started-at="2023-02-05T17:01:32 GET" finished-at="2023-02-05T17:01:38 GET">
          <reporter-output>
          </reporter-output>
        </test-method> <!-- startTest -->
        <test-method status="PASS" signature="removeBookFromCollectionTest()[pri:0, instance:test.ManageCollectionTests@5a8f2c4d]" name="removeBookFromCollectionTest" duration-ms="6398" started-at="2023-02-05T17:01:38 GET" finished-at="2023-02-05T17:01:45 GET">
          <reporter-output>
          </reporter-output>
        </test-method> <!-- removeBookFromCollectionTest -->
        <test-method status="PASS" signature="tearDown()[pri:0, instance:test.ManageCollectionTests@5a8f2c4d]" name="tearDown" is-config="true" duration-ms="765" started-at="2023-02-05T17:01:45 GET" finished-at="2023-02-05T17:01:45 GET">
          <reporter-output>
          </reporter-output>
        </test-method> <!-- tearDown -->
      </class> <!-- test.ManageCollectionTests -->
    </test> <!-- Apollo Tests -->
  </suite> <!-- Apollo -->
</testng-results>
